info it worked if it ends with ok
verbose cli [ '/usr/bin/nodejs', '/usr/bin/npm', 'install', 'sleep' ]
info using npm@1.1.4
info using node@v0.6.19
verbose config file /root/.npmrc
verbose config file /usr/etc/npmrc
verbose config file /usr/share/npm/npmrc
verbose caching /var/karaoke/node/node_modules/socket.io/package.json
verbose caching /var/karaoke/node/node_modules/mysql/package.json
verbose caching /var/karaoke/node/node_modules/socket.io-client/package.json
verbose cache add [ 'sleep', null ]
silly cache add: name, spec, args [ undefined, 'sleep', [ 'sleep', null ] ]
verbose parsed url { pathname: 'sleep', path: 'sleep', href: 'sleep' }
verbose addNamed [ 'sleep', '' ]
verbose addNamed [ null, '' ]
silly name, range, hasData [ 'sleep', '', false ]
verbose raw, before any munging sleep
verbose url resolving [ 'https://registry.npmjs.org/', './sleep' ]
verbose url resolved https://registry.npmjs.org/sleep
http GET https://registry.npmjs.org/sleep
http 200 https://registry.npmjs.org/sleep
silly get cb [ 200,
silly get cb   { vary: 'Accept',
silly get cb     server: 'CouchDB/1.3.0 (Erlang OTP/R15B03)',
silly get cb     etag: '"6HQBCJMRJFLAZSRJRQ2Z1PBHF"',
silly get cb     date: 'Sat, 04 May 2013 17:43:39 GMT',
silly get cb     'content-type': 'application/json',
silly get cb     'content-length': '5055' } ]
verbose mkdir (expected) error ENOENT, stat '/root/.npm/sleep'
verbose mkdir done: /root/.npm/sleep 755
silly name, range, hasData 2 [ 'sleep', '', true ]
silly versions [ 'sleep', [ '1.0.0', '1.0.1', '1.0.2', '1.1.0' ] ]
verbose bin dist [ '0.6-ares1.9.1-evundefined-openssl1.0.1c-v83.8.9.20-linux-x64-3.5.0-27-generic',
verbose bin dist   { shasum: 'd0685aa64c7cd9c6e280541b158488de446050fd',
verbose bin dist     tarball: 'http://registry.npmjs.org/sleep/-/sleep-1.1.0.tgz' } ]
verbose addRemoteTarball [ 'https://registry.npmjs.org/sleep/-/sleep-1.1.0.tgz',
verbose addRemoteTarball   'd0685aa64c7cd9c6e280541b158488de446050fd' ]
verbose mkdir (expected) error ENOENT, stat '/tmp/npm-1367689417908'
verbose mkdir (expected) error ENOENT, stat '/tmp/npm-1367689417908/1367689417908-0.8870970050338656'
verbose mkdir done: /tmp/npm-1367689417908/1367689417908-0.8870970050338656 755
verbose fetch to /tmp/npm-1367689417908/1367689417908-0.8870970050338656/tmp.tgz
http GET https://registry.npmjs.org/sleep/-/sleep-1.1.0.tgz
http 200 https://registry.npmjs.org/sleep/-/sleep-1.1.0.tgz
silly updated sha bytes 1557
info shasum d0685aa64c7cd9c6e280541b158488de446050fd
info shasum /tmp/npm-1367689417908/1367689417908-0.8870970050338656/tmp.tgz
verbose mkdir (expected) error ENOENT, stat '/tmp/npm-1367689417908/1367689417908-0.8870970050338656/___package.npm'
verbose mkdir done: /tmp/npm-1367689417908/1367689417908-0.8870970050338656/___package.npm 755
verbose unpack_ uid, gid [ 0, 0 ]
verbose unpackTarget /tmp/npm-1367689417908/1367689417908-0.8870970050338656/package
silly gunzTarPerm modes [ '755', '644' ]
silly afterUntar ok
silly asyncMap in gTP /tmp/npm-1367689417908/1367689417908-0.8870970050338656/___package.npm/package
silly asyncMap in gTP /tmp/npm-1367689417908/1367689417908-0.8870970050338656/___package.npm/package/package.json
silly asyncMap in gTP /tmp/npm-1367689417908/1367689417908-0.8870970050338656/___package.npm/package/README.md
silly asyncMap in gTP /tmp/npm-1367689417908/1367689417908-0.8870970050338656/___package.npm/package/wscript
silly asyncMap in gTP /tmp/npm-1367689417908/1367689417908-0.8870970050338656/___package.npm/package/build.js
silly asyncMap in gTP /tmp/npm-1367689417908/1367689417908-0.8870970050338656/___package.npm/package/.npmignore
silly asyncMap in gTP /tmp/npm-1367689417908/1367689417908-0.8870970050338656/___package.npm/package/sleep.cc
silly asyncMap in gTP /tmp/npm-1367689417908/1367689417908-0.8870970050338656/___package.npm/package/test.js
silly asyncMap in gTP /tmp/npm-1367689417908/1367689417908-0.8870970050338656/___package.npm/package/index.js
verbose gunzed /tmp/npm-1367689417908/1367689417908-0.8870970050338656/___package.npm/package
verbose rm'ed /tmp/npm-1367689417908/1367689417908-0.8870970050338656/package
verbose renamed [ '/tmp/npm-1367689417908/1367689417908-0.8870970050338656/___package.npm/package',
verbose renamed   '/tmp/npm-1367689417908/1367689417908-0.8870970050338656/package' ]
verbose has wscript [ undefined,
verbose has wscript   { file: '/tmp/npm-1367689417908/1367689417908-0.8870970050338656/package/package.json',
verbose has wscript     contributors: false,
verbose has wscript     serverjs: false,
verbose has wscript     wscript: true } ]
verbose caching /tmp/npm-1367689417908/1367689417908-0.8870970050338656/package/package.json
verbose loadDefaults sleep@1.1.0
verbose tarball contents [ 'package', 'tmp.tgz' ]
verbose from cache /tmp/npm-1367689417908/1367689417908-0.8870970050338656/package/package.json
verbose pack /tmp/npm-1367689417908/1367689417908-0.8870970050338656/package
verbose pack /tmp/npm-1367689417908/1367689417908-0.8870970050338656/package /root/.npm/sleep/1.1.0/package.tgz
silly makeList /tmp/npm-1367689417908/1367689417908-0.8870970050338656/package
silly dir, dirLen [ '/tmp/npm-1367689417908/1367689417908-0.8870970050338656/package',
silly dir, dirLen   64 ]
verbose tarball /root/.npm/sleep/1.1.0/package.tgz
verbose parent /tmp/npm-1367689417908/1367689417908-0.8870970050338656/package
verbose mkdir (expected) error ENOENT, stat '/root/.npm/sleep/1.1.0/___package.npm'
verbose mkdir done: /root/.npm/sleep/1.1.0/___package.npm 755
verbose unpack_ uid, gid [ 0, 0 ]
verbose unpackTarget /root/.npm/sleep/1.1.0/package
silly gunzTarPerm modes [ '755', '644' ]
silly afterUntar ok
silly asyncMap in gTP /root/.npm/sleep/1.1.0/___package.npm/package
silly asyncMap in gTP /root/.npm/sleep/1.1.0/___package.npm/package/package.json
silly asyncMap in gTP /root/.npm/sleep/1.1.0/___package.npm/package/README.md
silly asyncMap in gTP /root/.npm/sleep/1.1.0/___package.npm/package/wscript
silly asyncMap in gTP /root/.npm/sleep/1.1.0/___package.npm/package/build.js
silly asyncMap in gTP /root/.npm/sleep/1.1.0/___package.npm/package/.npmignore
silly asyncMap in gTP /root/.npm/sleep/1.1.0/___package.npm/package/sleep.cc
silly asyncMap in gTP /root/.npm/sleep/1.1.0/___package.npm/package/test.js
silly asyncMap in gTP /root/.npm/sleep/1.1.0/___package.npm/package/index.js
verbose gunzed /root/.npm/sleep/1.1.0/___package.npm/package
verbose rm'ed /root/.npm/sleep/1.1.0/package
verbose renamed [ '/root/.npm/sleep/1.1.0/___package.npm/package',
verbose renamed   '/root/.npm/sleep/1.1.0/package' ]
verbose has wscript [ undefined,
verbose has wscript   { file: '/root/.npm/sleep/1.1.0/package/package.json',
verbose has wscript     contributors: false,
verbose has wscript     serverjs: false,
verbose has wscript     wscript: true } ]
verbose caching /root/.npm/sleep/1.1.0/package/package.json
verbose loadDefaults sleep@1.1.0
silly updated sha bytes 1562
info shasum d587d0b1b813240c5a0938b2826f778e262cd8d4
info shasum /root/.npm/sleep/1.1.0/package.tgz
verbose from cache /root/.npm/sleep/1.1.0/package/package.json
verbose chmod /root/.npm/sleep/1.1.0/package.tgz 644
verbose chown [ '/root/.npm/sleep/1.1.0/package.tgz', 0, 0 ]
silly resolved [ { name: 'sleep',
silly resolved     version: '1.1.0',
silly resolved     main: './index.js',
silly resolved     description: 'Add sleep() and usleep() to nodejs',
silly resolved     homepage: 'http://github.com/ErikDubbelboer/node-sleep',
silly resolved     author: { name: 'Erik Dubbelboer', email: 'erik@dubbelboer.com' },
silly resolved     engines: { node: '>=0.4.0' },
silly resolved     keywords: [ 'sleep', 'usleep' ],
silly resolved     repositories: 
silly resolved      [ { type: 'git',
silly resolved          url: 'https://github.com/ErikDubbelboer/node-sleep.git' } ],
silly resolved     scripts: { preinstall: 'node build.js' },
silly resolved     _id: 'sleep@1.1.0',
silly resolved     dependencies: {},
silly resolved     devDependencies: {},
silly resolved     optionalDependencies: {},
silly resolved     _engineSupported: true,
silly resolved     _npmVersion: '1.1.4',
silly resolved     _nodeVersion: 'v0.6.19',
silly resolved     _defaultsLoaded: true,
silly resolved     dist: { shasum: 'd587d0b1b813240c5a0938b2826f778e262cd8d4' },
silly resolved     _from: 'sleep' } ]
info into /var/karaoke/node sleep@1.1.0
info installOne sleep@1.1.0
verbose from cache /root/.npm/sleep/1.1.0/package/package.json
info unbuild /var/karaoke/node/node_modules/sleep
verbose mkdir (expected) error ENOENT, stat '/var/karaoke/node/node_modules/___sleep.npm'
verbose mkdir done: /var/karaoke/node/node_modules/___sleep.npm 755
verbose unpack_ uid, gid [ 0, 0 ]
verbose unpackTarget /var/karaoke/node/node_modules/sleep
silly gunzTarPerm modes [ '755', '644' ]
silly afterUntar ok
silly asyncMap in gTP /var/karaoke/node/node_modules/___sleep.npm/package
silly asyncMap in gTP /var/karaoke/node/node_modules/___sleep.npm/package/package.json
silly asyncMap in gTP /var/karaoke/node/node_modules/___sleep.npm/package/README.md
silly asyncMap in gTP /var/karaoke/node/node_modules/___sleep.npm/package/wscript
silly asyncMap in gTP /var/karaoke/node/node_modules/___sleep.npm/package/build.js
silly asyncMap in gTP /var/karaoke/node/node_modules/___sleep.npm/package/.npmignore
silly asyncMap in gTP /var/karaoke/node/node_modules/___sleep.npm/package/sleep.cc
silly asyncMap in gTP /var/karaoke/node/node_modules/___sleep.npm/package/test.js
silly asyncMap in gTP /var/karaoke/node/node_modules/___sleep.npm/package/index.js
verbose gunzed /var/karaoke/node/node_modules/___sleep.npm/package
verbose rm'ed /var/karaoke/node/node_modules/sleep
verbose renamed [ '/var/karaoke/node/node_modules/___sleep.npm/package',
verbose renamed   '/var/karaoke/node/node_modules/sleep' ]
verbose has wscript [ undefined,
verbose has wscript   { file: '/var/karaoke/node/node_modules/sleep/package.json',
verbose has wscript     contributors: false,
verbose has wscript     serverjs: false,
verbose has wscript     wscript: true } ]
verbose caching /var/karaoke/node/node_modules/sleep/package.json
verbose loadDefaults sleep@1.1.0
info preinstall sleep@1.1.0
verbose unsafe-perm in lifecycle false
silly exec sh "-c" "node build.js"
silly spawning [ 'sh',
silly spawning   [ '-c', 'node build.js' ],
silly spawning   '/var/karaoke/node/node_modules/sleep' ]
info sleep@1.1.0 Failed to exec preinstall script
ERR! error installing sleep@1.1.0
info unbuild /var/karaoke/node/node_modules/sleep
verbose from cache /var/karaoke/node/node_modules/sleep/package.json
info preuninstall sleep@1.1.0
WARN This failure might be due to the use of legacy binary "node" 
WARN For further explanations, please read
WARN /usr/share/doc/nodejs/README.Debian
WARN 
info uninstall sleep@1.1.0
verbose unbuild sleep@1.1.0 [ true,
verbose unbuild sleep@1.1.0   '/var/karaoke/node/node_modules',
verbose unbuild sleep@1.1.0   '/var/karaoke/node/node_modules' ]
info postuninstall sleep@1.1.0
verbose installOne cb sleep@1.1.0
ERR! sleep@1.1.0 preinstall: `node build.js`
ERR! `sh "-c" "node build.js"` failed with 127
ERR! 
ERR! Failed at the sleep@1.1.0 preinstall script.
ERR! This is most likely a problem with the sleep package,
ERR! not with npm itself.
ERR! Tell the author that this fails on your system:
ERR!     node build.js
ERR! You can get their info via:
ERR!     npm owner ls sleep
ERR! There is likely additional logging output above.
ERR! 
ERR! System Linux 3.5.0-27-generic
ERR! command "/usr/bin/nodejs" "/usr/bin/npm" "install" "sleep"
ERR! cwd /var/karaoke/node
ERR! node -v v0.6.19
ERR! npm -v 1.1.4
ERR! code ELIFECYCLE
ERR! message sleep@1.1.0 preinstall: `node build.js`
ERR! message `sh "-c" "node build.js"` failed with 127
ERR! errno {}
verbose exit [ 1, true ]
